G:\C++CODE\CAPSNUMSCR_LOCK\CAPSNUMSCR_LOCK\DEBUG\CAPSNUMSCR_LOCK.PCH
G:\C++CODE\CAPSNUMSCR_LOCK\CAPSNUMSCR_LOCK\DEBUG\STDAFX.OBJ
G:\C++CODE\CAPSNUMSCR_LOCK\CAPSNUMSCR_LOCK\DEBUG\VC110.PDB
G:\C++CODE\CAPSNUMSCR_LOCK\CAPSNUMSCR_LOCK\DEBUG\CAPSNUMSCR_LOCK.OBJ
G:\C++CODE\CAPSNUMSCR_LOCK\CAPSNUMSCR_LOCK\DEBUG\SHELLNOTIFY.OBJ
G:\C++CODE\CAPSNUMSCR_LOCK\CAPSNUMSCR_LOCK\DEBUG\CAPSNUMSCR_LOCK.RES
G:\C++Code\CapsNumScr_Lock\CapsNumScr_Lock\Debug\CapsNumScr_Lock.obj
G:\C++Code\CapsNumScr_Lock\CapsNumScr_Lock\Debug\ShellNotify.obj
G:\C++Code\CapsNumScr_Lock\CapsNumScr_Lock\Debug\stdafx.obj
G:\C++Code\CapsNumScr_Lock\CapsNumScr_Lock\Debug\cl.command.1.tlog
G:\C++Code\CapsNumScr_Lock\CapsNumScr_Lock\Debug\CL.read.1.tlog
G:\C++Code\CapsNumScr_Lock\CapsNumScr_Lock\Debug\CL.write.1.tlog
G:\C++Code\CapsNumScr_Lock\CapsNumScr_Lock\Debug\link.command.1.tlog
G:\C++Code\CapsNumScr_Lock\CapsNumScr_Lock\Debug\link.read.1.tlog
G:\C++Code\CapsNumScr_Lock\CapsNumScr_Lock\Debug\link.write.1.tlog
G:\C++Code\CapsNumScr_Lock\CapsNumScr_Lock\Debug\rc.command.1.tlog
G:\C++Code\CapsNumScr_Lock\CapsNumScr_Lock\Debug\rc.read.1.tlog
G:\C++Code\CapsNumScr_Lock\CapsNumScr_Lock\Debug\rc.write.1.tlog
G:\C++Code\CapsNumScr_Lock\CapsNumScr_Lock\Debug\CapsNumScr_Lock.res
G:\C++Code\CapsNumScr_Lock\CapsNumScr_Lock\Debug\CapsNumScr_Lock.pch
G:\C++Code\CapsNumScr_Lock\CapsNumScr_Lock\Debug\vc110.idb
G:\C++Code\CapsNumScr_Lock\CapsNumScr_Lock\Debug\vc110.pdb
G:\C++Code\CapsNumScr_Lock\Debug\CapsNumScr_Lock.exe
